2024-12-08 11:08:50,091 [INFO] ==================================================
2024-12-08 11:08:50,092 [INFO] 数据库备份程序启动
2024-12-08 11:08:50,095 [INFO] ==================================================
2024-12-08 11:08:50,095 [INFO] 数据库名称: homestay
2024-12-08 11:08:50,095 [INFO] 备份目录: C:\Users\45732\Code\Java\hotel_stay\src\main\resources\db\backups
2024-12-08 11:08:50,095 [INFO] 保留天数: 7天
2024-12-08 11:08:50,096 [INFO] 开始执行备份...
2024-12-08 11:08:50,096 [INFO] 备份文件路径: C:\Users\45732\Code\Java\hotel_stay\src\main\resources\db\backups\homestay_20241208_110850.sql
2024-12-08 11:08:50,755 [INFO] 数据库大小: 2.08 MB
2024-12-08 11:08:51,514 [INFO] 数据库备份成功: C:\Users\45732\Code\Java\hotel_stay\src\main\resources\db\backups\homestay_20241208_110850.sql
2024-12-08 11:08:51,516 [INFO] 备份完成，文件大小: 0.17 MB，耗时: 1.42 秒
2024-12-08 11:08:51,541 [INFO] 开始压缩备份文件...
2024-12-08 11:08:51,562 [INFO] 原始文件大小: 0.17 MB
2024-12-08 11:08:51,587 [INFO] 压缩完成: C:\Users\45732\Code\Java\hotel_stay\src\main\resources\db\backups\homestay_20241208_110850.zip
2024-12-08 11:08:51,593 [INFO] 压缩后大小: 0.03 MB
2024-12-08 11:08:51,603 [INFO] 压缩比: 82.5%
2024-12-08 11:08:51,603 [INFO] 压缩耗时: 0.05 秒
2024-12-08 11:08:51,603 [INFO] 开始清理旧备份...
2024-12-08 11:08:51,603 [INFO] 检查文件: homestay_20241203_121852.zip
2024-12-08 11:08:51,634 [INFO] - 大小: 0.03 MB
2024-12-08 11:08:51,634 [INFO] - 已存在天数: 4.0
2024-12-08 11:08:51,634 [INFO] 检查文件: homestay_20241203_155615.zip
2024-12-08 11:08:51,634 [INFO] - 大小: 0.03 MB
2024-12-08 11:08:51,634 [INFO] - 已存在天数: 4.0
2024-12-08 11:08:51,634 [INFO] 检查文件: homestay_20241203_160811
2024-12-08 11:08:51,634 [INFO] - 大小: 0.00 MB
2024-12-08 11:08:51,634 [INFO] - 已存在天数: 4.0
2024-12-08 11:08:51,634 [INFO] 检查文件: homestay_20241203_160811.zip
2024-12-08 11:08:51,634 [INFO] - 大小: 0.03 MB
2024-12-08 11:08:51,634 [INFO] - 已存在天数: 4.0
2024-12-08 11:08:51,634 [INFO] 检查文件: homestay_20241203_163408.zip
2024-12-08 11:08:51,644 [INFO] - 大小: 0.03 MB
2024-12-08 11:08:51,644 [INFO] - 已存在天数: 4.0
2024-12-08 11:08:51,644 [INFO] 检查文件: homestay_20241203_212033.zip
2024-12-08 11:08:51,644 [INFO] - 大小: 0.03 MB
2024-12-08 11:08:51,644 [INFO] - 已存在天数: 4.0
2024-12-08 11:08:51,644 [INFO] 检查文件: homestay_20241204_124755.zip
2024-12-08 11:08:51,644 [INFO] - 大小: 0.03 MB
2024-12-08 11:08:51,647 [INFO] - 已存在天数: 3.0
2024-12-08 11:08:51,647 [INFO] 检查文件: homestay_20241205_082055.zip
2024-12-08 11:08:51,647 [INFO] - 大小: 0.03 MB
2024-12-08 11:08:51,647 [INFO] - 已存在天数: 3.0
2024-12-08 11:08:51,649 [INFO] 检查文件: homestay_20241205_130019.zip
2024-12-08 11:08:51,649 [INFO] - 大小: 0.03 MB
2024-12-08 11:08:51,649 [INFO] - 已存在天数: 2.0
2024-12-08 11:08:51,650 [INFO] 检查文件: homestay_20241205_140459.zip
2024-12-08 11:08:51,650 [INFO] - 大小: 0.03 MB
2024-12-08 11:08:51,650 [INFO] - 已存在天数: 2.0
2024-12-08 11:08:51,650 [INFO] 检查文件: homestay_20241208_110850.zip
2024-12-08 11:08:51,650 [INFO] - 大小: 0.03 MB
2024-12-08 11:08:51,650 [INFO] - 已存在天数: 0.0
2024-12-08 11:08:51,650 [INFO] 清理完成，共删除 0 个文件，释放空间 0.00 MB
2024-12-08 11:08:51,650 [INFO] 备份任务完成
2024-12-08 12:37:00,437 [INFO] ==================================================
2024-12-08 12:37:00,438 [INFO] 数据库备份程序启动
2024-12-08 12:37:00,439 [INFO] ==================================================
2024-12-08 12:37:00,439 [INFO] 数据库名称: homestay
2024-12-08 12:37:00,439 [INFO] 备份目录: C:\Users\45732\Code\Java\hotel_stay\src\main\resources\db\backups
2024-12-08 12:37:00,439 [INFO] 保留天数: 7天
2024-12-08 12:37:00,440 [INFO] 开始执行备份...
2024-12-08 12:37:00,440 [INFO] 备份文件路径: C:\Users\45732\Code\Java\hotel_stay\src\main\resources\db\backups\homestay_20241208_123700.sql
2024-12-08 12:37:00,686 [INFO] 数据库大小: 2.08 MB
2024-12-08 12:37:01,345 [INFO] 数据库备份成功: C:\Users\45732\Code\Java\hotel_stay\src\main\resources\db\backups\homestay_20241208_123700.sql
2024-12-08 12:37:01,346 [INFO] 备份完成，文件大小: 0.17 MB，耗时: 0.91 秒
2024-12-08 12:37:01,346 [INFO] 开始压缩备份文件...
2024-12-08 12:37:01,347 [INFO] 原始文件大小: 0.17 MB
2024-12-08 12:37:01,369 [INFO] 压缩完成: C:\Users\45732\Code\Java\hotel_stay\src\main\resources\db\backups\homestay_20241208_123700.zip
2024-12-08 12:37:01,369 [INFO] 压缩后大小: 0.03 MB
2024-12-08 12:37:01,370 [INFO] 压缩比: 82.3%
2024-12-08 12:37:01,370 [INFO] 压缩耗时: 0.02 秒
2024-12-08 12:37:01,371 [INFO] 开始清理旧备份...
2024-12-08 12:37:01,371 [INFO] 检查文件: homestay_20241203_121852.zip
2024-12-08 12:37:01,371 [INFO] - 大小: 0.03 MB
2024-12-08 12:37:01,371 [INFO] - 已存在天数: 5.0
2024-12-08 12:37:01,371 [INFO] 检查文件: homestay_20241203_155615.zip
2024-12-08 12:37:01,373 [INFO] - 大小: 0.03 MB
2024-12-08 12:37:01,373 [INFO] - 已存在天数: 4.0
2024-12-08 12:37:01,373 [INFO] 检查文件: homestay_20241203_160811
2024-12-08 12:37:01,373 [INFO] - 大小: 0.00 MB
2024-12-08 12:37:01,373 [INFO] - 已存在天数: 4.0
2024-12-08 12:37:01,373 [INFO] 检查文件: homestay_20241203_160811.zip
2024-12-08 12:37:01,374 [INFO] - 大小: 0.03 MB
2024-12-08 12:37:01,374 [INFO] - 已存在天数: 4.0
2024-12-08 12:37:01,374 [INFO] 检查文件: homestay_20241203_163408.zip
2024-12-08 12:37:01,375 [INFO] - 大小: 0.03 MB
2024-12-08 12:37:01,375 [INFO] - 已存在天数: 4.0
2024-12-08 12:37:01,376 [INFO] 检查文件: homestay_20241203_212033.zip
2024-12-08 12:37:01,376 [INFO] - 大小: 0.03 MB
2024-12-08 12:37:01,376 [INFO] - 已存在天数: 4.0
2024-12-08 12:37:01,378 [INFO] 检查文件: homestay_20241204_124755.zip
2024-12-08 12:37:01,378 [INFO] - 大小: 0.03 MB
2024-12-08 12:37:01,378 [INFO] - 已存在天数: 3.0
2024-12-08 12:37:01,378 [INFO] 检查文件: homestay_20241205_082055.zip
2024-12-08 12:37:01,379 [INFO] - 大小: 0.03 MB
2024-12-08 12:37:01,379 [INFO] - 已存在天数: 3.0
2024-12-08 12:37:01,379 [INFO] 检查文件: homestay_20241205_130019.zip
2024-12-08 12:37:01,379 [INFO] - 大小: 0.03 MB
2024-12-08 12:37:01,379 [INFO] - 已存在天数: 2.0
2024-12-08 12:37:01,379 [INFO] 检查文件: homestay_20241205_140459.zip
2024-12-08 12:37:01,380 [INFO] - 大小: 0.03 MB
2024-12-08 12:37:01,380 [INFO] - 已存在天数: 2.0
2024-12-08 12:37:01,380 [INFO] 检查文件: homestay_20241208_110850.zip
2024-12-08 12:37:01,380 [INFO] - 大小: 0.03 MB
2024-12-08 12:37:01,380 [INFO] - 已存在天数: 0.0
2024-12-08 12:37:01,380 [INFO] 检查文件: homestay_20241208_123700.zip
2024-12-08 12:37:01,380 [INFO] - 大小: 0.03 MB
2024-12-08 12:37:01,380 [INFO] - 已存在天数: 0.0
2024-12-08 12:37:01,380 [INFO] 清理完成，共删除 0 个文件，释放空间 0.00 MB
2024-12-08 12:37:01,380 [INFO] 备份任务完成
