2024-12-05 08:20:55,222 [INFO] ==================================================
2024-12-05 08:20:55,224 [INFO] 数据库备份程序启动
2024-12-05 08:20:55,228 [INFO] ==================================================
2024-12-05 08:20:55,230 [INFO] 数据库名称: homestay
2024-12-05 08:20:55,230 [INFO] 备份目录: C:\Users\45732\Code\Java\hotel_stay\src\main\resources\db\backups
2024-12-05 08:20:55,231 [INFO] 保留天数: 7天
2024-12-05 08:20:55,232 [INFO] 开始执行备份...
2024-12-05 08:20:55,232 [INFO] 备份文件路径: C:\Users\45732\Code\Java\hotel_stay\src\main\resources\db\backups\homestay_20241205_082055.sql
2024-12-05 08:20:56,527 [INFO] 数据库大小: 1.95 MB
2024-12-05 08:20:57,965 [INFO] 数据库备份成功: C:\Users\45732\Code\Java\hotel_stay\src\main\resources\db\backups\homestay_20241205_082055.sql
2024-12-05 08:20:57,966 [INFO] 备份完成，文件大小: 0.17 MB，耗时: 2.73 秒
2024-12-05 08:20:57,982 [INFO] 开始压缩备份文件...
2024-12-05 08:20:57,983 [INFO] 原始文件大小: 0.17 MB
2024-12-05 08:20:58,038 [INFO] 压缩完成: C:\Users\45732\Code\Java\hotel_stay\src\main\resources\db\backups\homestay_20241205_082055.zip
2024-12-05 08:20:58,098 [INFO] 压缩后大小: 0.03 MB
2024-12-05 08:20:58,099 [INFO] 压缩比: 82.4%
2024-12-05 08:20:58,099 [INFO] 压缩耗时: 0.06 秒
2024-12-05 08:20:58,101 [INFO] 开始清理旧备份...
2024-12-05 08:20:58,103 [INFO] 检查文件: homestay_20241203_121852.zip
2024-12-05 08:20:58,103 [INFO] - 大小: 0.03 MB
2024-12-05 08:20:58,104 [INFO] - 已存在天数: 1.0
2024-12-05 08:20:58,106 [INFO] 检查文件: homestay_20241203_155615.zip
2024-12-05 08:20:58,107 [INFO] - 大小: 0.03 MB
2024-12-05 08:20:58,107 [INFO] - 已存在天数: 1.0
2024-12-05 08:20:58,109 [INFO] 检查文件: homestay_20241203_160811
2024-12-05 08:20:58,110 [INFO] - 大小: 0.00 MB
2024-12-05 08:20:58,112 [INFO] - 已存在天数: 1.0
2024-12-05 08:20:58,210 [INFO] 检查文件: homestay_20241203_160811.zip
2024-12-05 08:20:58,211 [INFO] - 大小: 0.03 MB
2024-12-05 08:20:58,212 [INFO] - 已存在天数: 1.0
2024-12-05 08:20:58,214 [INFO] 检查文件: homestay_20241203_163408.zip
2024-12-05 08:20:58,215 [INFO] - 大小: 0.03 MB
2024-12-05 08:20:58,217 [INFO] - 已存在天数: 1.0
2024-12-05 08:20:58,218 [INFO] 检查文件: homestay_20241203_212033.zip
2024-12-05 08:20:58,219 [INFO] - 大小: 0.03 MB
2024-12-05 08:20:58,220 [INFO] - 已存在天数: 1.0
2024-12-05 08:20:58,222 [INFO] 检查文件: homestay_20241204_124755.zip
2024-12-05 08:20:58,224 [INFO] - 大小: 0.03 MB
2024-12-05 08:20:58,296 [INFO] - 已存在天数: 0.0
2024-12-05 08:20:58,298 [INFO] 检查文件: homestay_20241205_082055.zip
2024-12-05 08:20:58,299 [INFO] - 大小: 0.03 MB
2024-12-05 08:20:58,300 [INFO] - 已存在天数: 0.0
2024-12-05 08:20:58,301 [INFO] 清理完成，共删除 0 个文件，释放空间 0.00 MB
2024-12-05 08:20:58,302 [INFO] 备份任务完成
