2024-12-03 12:18:52,021 [INFO] ==================================================
2024-12-03 12:18:52,021 [INFO] 数据库备份程序启动
2024-12-03 12:18:52,021 [INFO] ==================================================
2024-12-03 12:18:52,021 [INFO] 数据库名称: homestay
2024-12-03 12:18:52,021 [INFO] 备份目录: C:\Users\45732\Code\Java\hotel_stay\src\main\resources\db\backups
2024-12-03 12:18:52,021 [INFO] 保留天数: 7天
2024-12-03 12:18:52,021 [INFO] 开始执行备份...
2024-12-03 12:18:52,021 [INFO] 备份文件路径: C:\Users\45732\Code\Java\hotel_stay\src\main\resources\db\backups\homestay_20241203_121852.sql
2024-12-03 12:18:52,085 [INFO] 数据库大小: 1.75 MB
2024-12-03 12:18:52,338 [INFO] 数据库备份成功: C:\Users\45732\Code\Java\hotel_stay\src\main\resources\db\backups\homestay_20241203_121852.sql
2024-12-03 12:18:52,338 [INFO] 备份完成，文件大小: 0.15 MB，耗时: 0.32 秒
2024-12-03 12:18:52,338 [INFO] 开始压缩备份文件...
2024-12-03 12:18:52,338 [INFO] 原始文件大小: 0.15 MB
2024-12-03 12:18:52,354 [INFO] 压缩完成: C:\Users\45732\Code\Java\hotel_stay\src\main\resources\db\backups\homestay_20241203_121852.zip
2024-12-03 12:18:52,354 [INFO] 压缩后大小: 0.03 MB
2024-12-03 12:18:52,354 [INFO] 压缩比: 82.3%
2024-12-03 12:18:52,354 [INFO] 压缩耗时: 0.02 秒
2024-12-03 12:18:52,354 [INFO] 开始清理旧备份...
2024-12-03 12:18:52,354 [INFO] 检查文件: homestay_20241203_121852.zip
2024-12-03 12:18:52,354 [INFO] - 大小: 0.03 MB
2024-12-03 12:18:52,354 [INFO] - 已存在天数: 0.0
2024-12-03 12:18:52,354 [INFO] 清理完成，共删除 0 个文件，释放空间 0.00 MB
2024-12-03 12:18:52,354 [INFO] 备份任务完成
2024-12-03 15:56:15,362 [INFO] ==================================================
2024-12-03 15:56:15,362 [INFO] 数据库备份程序启动
2024-12-03 15:56:15,362 [INFO] ==================================================
2024-12-03 15:56:15,362 [INFO] 数据库名称: homestay
2024-12-03 15:56:15,362 [INFO] 备份目录: C:\Users\45732\Code\Java\hotel_stay\src\main\resources\db\backups
2024-12-03 15:56:15,362 [INFO] 保留天数: 7天
2024-12-03 15:56:15,362 [INFO] 开始执行备份...
2024-12-03 15:56:15,362 [INFO] 备份文件路径: C:\Users\45732\Code\Java\hotel_stay\src\main\resources\db\backups\homestay_20241203_155615.sql
2024-12-03 15:56:15,564 [INFO] 数据库大小: 1.75 MB
2024-12-03 15:56:15,828 [INFO] 数据库备份成功: C:\Users\45732\Code\Java\hotel_stay\src\main\resources\db\backups\homestay_20241203_155615.sql
2024-12-03 15:56:15,828 [INFO] 备份完成，文件大小: 0.15 MB，耗时: 0.47 秒
2024-12-03 15:56:15,848 [INFO] 开始压缩备份文件...
2024-12-03 15:56:15,858 [INFO] 原始文件大小: 0.15 MB
2024-12-03 15:56:15,871 [INFO] 压缩完成: C:\Users\45732\Code\Java\hotel_stay\src\main\resources\db\backups\homestay_20241203_155615.zip
2024-12-03 15:56:15,879 [INFO] 压缩后大小: 0.03 MB
2024-12-03 15:56:15,879 [INFO] 压缩比: 82.3%
2024-12-03 15:56:15,879 [INFO] 压缩耗时: 0.02 秒
2024-12-03 15:56:15,879 [INFO] 开始清理旧备份...
2024-12-03 15:56:15,880 [INFO] 检查文件: homestay_20241203_121852.zip
2024-12-03 15:56:15,880 [INFO] - 大小: 0.03 MB
2024-12-03 15:56:15,880 [INFO] - 已存在天数: 0.0
2024-12-03 15:56:15,880 [INFO] 检查文件: homestay_20241203_155615.zip
2024-12-03 15:56:15,880 [INFO] - 大小: 0.03 MB
2024-12-03 15:56:15,880 [INFO] - 已存在天数: 0.0
2024-12-03 15:56:15,880 [INFO] 清理完成，共删除 0 个文件，释放空间 0.00 MB
2024-12-03 15:56:15,880 [INFO] 备份任务完成
2024-12-03 16:08:11,425 [INFO] ==================================================
2024-12-03 16:08:11,425 [INFO] 数据库备份程序启动
2024-12-03 16:08:11,425 [INFO] ==================================================
2024-12-03 16:08:11,425 [INFO] 数据库名称: homestay
2024-12-03 16:08:11,426 [INFO] 备份目录: C:\Users\45732\Code\Java\hotel_stay\src\main\resources\db\backups
2024-12-03 16:08:11,426 [INFO] 保留天数: 7天
2024-12-03 16:08:11,426 [INFO] 开始执行备份...
2024-12-03 16:08:11,426 [INFO] 备份文件路径: C:\Users\45732\Code\Java\hotel_stay\src\main\resources\db\backups\homestay_20241203_160811.sql
2024-12-03 16:08:11,485 [INFO] 数据库大小: 1.78 MB
2024-12-03 16:08:11,685 [INFO] 数据库备份成功: C:\Users\45732\Code\Java\hotel_stay\src\main\resources\db\backups\homestay_20241203_160811.sql
2024-12-03 16:08:11,685 [INFO] 备份完成，文件大小: 0.16 MB，耗时: 0.26 秒
2024-12-03 16:08:11,685 [INFO] 开始压缩备份文件...
2024-12-03 16:08:11,685 [INFO] 原始文件大小: 0.16 MB
2024-12-03 16:08:11,697 [INFO] 压缩完成: C:\Users\45732\Code\Java\hotel_stay\src\main\resources\db\backups\homestay_20241203_160811.zip
2024-12-03 16:08:11,697 [INFO] 压缩后大小: 0.03 MB
2024-12-03 16:08:11,697 [INFO] 压缩比: 82.3%
2024-12-03 16:08:11,697 [INFO] 压缩耗时: 0.01 秒
2024-12-03 16:08:11,698 [INFO] 开始清理旧备份...
2024-12-03 16:08:11,698 [INFO] 检查文件: homestay_20241203_121852.zip
2024-12-03 16:08:11,698 [INFO] - 大小: 0.03 MB
2024-12-03 16:08:11,698 [INFO] - 已存在天数: 0.0
2024-12-03 16:08:11,698 [INFO] 检查文件: homestay_20241203_155615.zip
2024-12-03 16:08:11,698 [INFO] - 大小: 0.03 MB
2024-12-03 16:08:11,698 [INFO] - 已存在天数: 0.0
2024-12-03 16:08:11,698 [INFO] 检查文件: homestay_20241203_160811.zip
2024-12-03 16:08:11,699 [INFO] - 大小: 0.03 MB
2024-12-03 16:08:11,699 [INFO] - 已存在天数: 0.0
2024-12-03 16:08:11,699 [INFO] 清理完成，共删除 0 个文件，释放空间 0.00 MB
2024-12-03 16:08:11,699 [INFO] 备份任务完成
2024-12-03 16:34:08,641 [INFO] ==================================================
2024-12-03 16:34:08,641 [INFO] 数据库备份程序启动
2024-12-03 16:34:08,641 [INFO] ==================================================
2024-12-03 16:34:08,641 [INFO] 数据库名称: homestay
2024-12-03 16:34:08,641 [INFO] 备份目录: C:\Users\45732\Code\Java\hotel_stay\src\main\resources\db\backups
2024-12-03 16:34:08,642 [INFO] 保留天数: 7天
2024-12-03 16:34:08,642 [INFO] 开始执行备份...
2024-12-03 16:34:08,642 [INFO] 备份文件路径: C:\Users\45732\Code\Java\hotel_stay\src\main\resources\db\backups\homestay_20241203_163408.sql
2024-12-03 16:34:08,695 [INFO] 数据库大小: 1.86 MB
2024-12-03 16:34:08,910 [INFO] 数据库备份成功: C:\Users\45732\Code\Java\hotel_stay\src\main\resources\db\backups\homestay_20241203_163408.sql
2024-12-03 16:34:08,910 [INFO] 备份完成，文件大小: 0.16 MB，耗时: 0.27 秒
2024-12-03 16:34:08,910 [INFO] 开始压缩备份文件...
2024-12-03 16:34:08,910 [INFO] 原始文件大小: 0.16 MB
2024-12-03 16:34:08,926 [INFO] 压缩完成: C:\Users\45732\Code\Java\hotel_stay\src\main\resources\db\backups\homestay_20241203_163408.zip
2024-12-03 16:34:08,926 [INFO] 压缩后大小: 0.03 MB
2024-12-03 16:34:08,926 [INFO] 压缩比: 82.4%
2024-12-03 16:34:08,926 [INFO] 压缩耗时: 0.02 秒
2024-12-03 16:34:08,927 [INFO] 开始清理旧备份...
2024-12-03 16:34:08,927 [INFO] 检查文件: homestay_20241203_121852.zip
2024-12-03 16:34:08,927 [INFO] - 大小: 0.03 MB
2024-12-03 16:34:08,927 [INFO] - 已存在天数: 0.0
2024-12-03 16:34:08,927 [INFO] 检查文件: homestay_20241203_155615.zip
2024-12-03 16:34:08,927 [INFO] - 大小: 0.03 MB
2024-12-03 16:34:08,927 [INFO] - 已存在天数: 0.0
2024-12-03 16:34:08,927 [INFO] 检查文件: homestay_20241203_160811
2024-12-03 16:34:08,927 [INFO] - 大小: 0.00 MB
2024-12-03 16:34:08,927 [INFO] - 已存在天数: 0.0
2024-12-03 16:34:08,928 [INFO] 检查文件: homestay_20241203_160811.zip
2024-12-03 16:34:08,928 [INFO] - 大小: 0.03 MB
2024-12-03 16:34:08,928 [INFO] - 已存在天数: 0.0
2024-12-03 16:34:08,928 [INFO] 检查文件: homestay_20241203_163408.zip
2024-12-03 16:34:08,928 [INFO] - 大小: 0.03 MB
2024-12-03 16:34:08,928 [INFO] - 已存在天数: 0.0
2024-12-03 16:34:08,928 [INFO] 清理完成，共删除 0 个文件，释放空间 0.00 MB
2024-12-03 16:34:08,928 [INFO] 备份任务完成
