2024-12-04 12:47:55,867 [INFO] ==================================================
2024-12-04 12:47:55,869 [INFO] 数据库备份程序启动
2024-12-04 12:47:55,869 [INFO] ==================================================
2024-12-04 12:47:55,869 [INFO] 数据库名称: homestay
2024-12-04 12:47:55,869 [INFO] 备份目录: C:\Users\45732\Code\Java\hotel_stay\src\main\resources\db\backups
2024-12-04 12:47:55,869 [INFO] 保留天数: 7天
2024-12-04 12:47:55,869 [INFO] 开始执行备份...
2024-12-04 12:47:55,869 [INFO] 备份文件路径: C:\Users\45732\Code\Java\hotel_stay\src\main\resources\db\backups\homestay_20241204_124755.sql
2024-12-04 12:47:56,256 [INFO] 数据库大小: 1.89 MB
2024-12-04 12:47:56,660 [INFO] 数据库备份成功: C:\Users\45732\Code\Java\hotel_stay\src\main\resources\db\backups\homestay_20241204_124755.sql
2024-12-04 12:47:56,660 [INFO] 备份完成，文件大小: 0.17 MB，耗时: 0.79 秒
2024-12-04 12:47:56,665 [INFO] 开始压缩备份文件...
2024-12-04 12:47:56,665 [INFO] 原始文件大小: 0.17 MB
2024-12-04 12:47:56,696 [INFO] 压缩完成: C:\Users\45732\Code\Java\hotel_stay\src\main\resources\db\backups\homestay_20241204_124755.zip
2024-12-04 12:47:56,696 [INFO] 压缩后大小: 0.03 MB
2024-12-04 12:47:56,696 [INFO] 压缩比: 82.5%
2024-12-04 12:47:56,696 [INFO] 压缩耗时: 0.03 秒
2024-12-04 12:47:56,696 [INFO] 开始清理旧备份...
2024-12-04 12:47:56,696 [INFO] 检查文件: homestay_20241203_121852.zip
2024-12-04 12:47:56,696 [INFO] - 大小: 0.03 MB
2024-12-04 12:47:56,696 [INFO] - 已存在天数: 1.0
2024-12-04 12:47:56,696 [INFO] 检查文件: homestay_20241203_155615.zip
2024-12-04 12:47:56,696 [INFO] - 大小: 0.03 MB
2024-12-04 12:47:56,696 [INFO] - 已存在天数: 0.0
2024-12-04 12:47:56,696 [INFO] 检查文件: homestay_20241203_160811
2024-12-04 12:47:56,696 [INFO] - 大小: 0.00 MB
2024-12-04 12:47:56,696 [INFO] - 已存在天数: 0.0
2024-12-04 12:47:56,696 [INFO] 检查文件: homestay_20241203_160811.zip
2024-12-04 12:47:56,696 [INFO] - 大小: 0.03 MB
2024-12-04 12:47:56,696 [INFO] - 已存在天数: 0.0
2024-12-04 12:47:56,696 [INFO] 检查文件: homestay_20241203_163408.zip
2024-12-04 12:47:56,696 [INFO] - 大小: 0.03 MB
2024-12-04 12:47:56,696 [INFO] - 已存在天数: 0.0
2024-12-04 12:47:56,696 [INFO] 检查文件: homestay_20241203_212033.zip
2024-12-04 12:47:56,696 [INFO] - 大小: 0.03 MB
2024-12-04 12:47:56,696 [INFO] - 已存在天数: 0.0
2024-12-04 12:47:56,696 [INFO] 检查文件: homestay_20241204_124755.zip
2024-12-04 12:47:56,696 [INFO] - 大小: 0.03 MB
2024-12-04 12:47:56,696 [INFO] - 已存在天数: 0.0
2024-12-04 12:47:56,696 [INFO] 清理完成，共删除 0 个文件，释放空间 0.00 MB
2024-12-04 12:47:56,696 [INFO] 备份任务完成
